16:53:16.118 [main                     ] DEBUG Logger               - Configured Logger
16:53:16.137 [main                     ] DEBUG GameApplication      - Logging settings
Title: Aircraft War
Version: 7.7
Width: 600
Height: 800
Fullscreen: false
Intro: false
Profiling: false
Single step:false
App Mode: DEVELOPER
Menu Key: ESCAPE
Stage Style: DECORATED
Scene Factory: class com.almasb.fxgl.app.scene.SceneFactory

16:53:16.454 [JavaFX Application Thread] DEBUG FXGLApplication      - Initializing FXGL
16:53:16.458 [JavaFX Application Thread] INFO  Engine               - FXGL-17.1 (24.03.2022 17.34) on WINDOWS (J:17.0.2 FX:18)
16:53:16.458 [JavaFX Application Thread] DEBUG Engine               - JRE Vendor Name: Amazon.com Inc.
16:53:16.458 [JavaFX Application Thread] DEBUG Engine               - Running on OS: Windows 10 version 10.0
16:53:16.458 [JavaFX Application Thread] DEBUG Engine               - Architecture: amd64
16:53:16.458 [JavaFX Application Thread] INFO  Engine               - Source code and latest versions at: https://github.com/AlmasB/FXGL
16:53:16.458 [JavaFX Application Thread] INFO  Engine               -       Ask questions and discuss at: https://github.com/AlmasB/FXGL/discussions
16:53:16.458 [JavaFX Application Thread] INFO  Engine               -              Join the FXGL chat at: https://gitter.im/AlmasB/FXGL
16:53:16.511 [JavaFX Application Thread] DEBUG PrimaryStageWindow   - Creating a JavaFX scene
16:53:16.536 [JavaFX Application Thread] DEBUG PrimaryStageWindow   - Target settings size: 600.0 x 800.0
16:53:16.536 [JavaFX Application Thread] DEBUG PrimaryStageWindow   - Scaled scene size:    600.0 x 800.0
16:53:16.536 [JavaFX Application Thread] DEBUG PrimaryStageWindow   - Scaled ratio: (1.0, 1.0)
16:53:16.537 [JavaFX Application Thread] DEBUG PrimaryStageWindow   - Set initial scene to FXGLStartupScene
16:53:16.541 [JavaFX Application Thread] DEBUG PrimaryStageWindow   - Opening main window
16:53:16.595 [JavaFX Application Thread] DEBUG PrimaryStageWindow   - Window border size: (14.4000244140625, 37.5999755859375)
16:53:16.596 [JavaFX Application Thread] DEBUG PrimaryStageWindow   - Scaled size: 600.0 x 800.0
16:53:16.596 [JavaFX Application Thread] DEBUG PrimaryStageWindow   - Scaled ratio: (1.0, 1.0)
16:53:16.596 [JavaFX Application Thread] DEBUG PrimaryStageWindow   - Scene size: 600.0 x 800.0
16:53:16.596 [JavaFX Application Thread] DEBUG PrimaryStageWindow   - Stage size: 614.4000244140625 x 837.5999755859375
16:53:16.602 [FXGL Background Thread 1 ] DEBUG Engine               - Initializing environment variables
16:53:16.625 [FXGL Background Thread 1 ] DEBUG FXGLAssetLoaderServi - User app class for loading assets: class AircraftWar.AirApp
16:53:16.625 [FXGL Background Thread 1 ] DEBUG GameApplicationServi - Applying CSS: fxgl_dark.css
16:53:16.626 [FXGL Background Thread 1 ] DEBUG FXGLAssetLoaderServi - Loading from file system: jar:file:///C:/Users/yeqiu/.m2/repository/com/github/almasb/FXGL/17.1/fxgl-17.1.jar!/fxglassets/ui/css/fxgl_dark.css
16:53:16.655 [FXGL Background Thread 1 ] DEBUG GameApplicationServi - Initializing application scenes
16:53:16.705 [FXGL Background Thread 1 ] DEBUG GameWorld            - Game world initialized
16:53:16.738 [FXGL Background Thread 1 ] DEBUG PhysicsWorld         - Physics world initialized: appHeight=800, physics.ppm=50.0
16:53:16.738 [FXGL Background Thread 1 ] DEBUG PhysicsWorld         - Using strategy: BRUTE_FORCE
16:53:16.741 [FXGL Background Thread 1 ] DEBUG GameScene            - Game scene initialized: 600x800
16:53:16.750 [FXGL Background Thread 1 ] WARN  FXGL.DefaultMenu     - FXGLDefaultMenu is not designed for resolutions < 800x600
16:53:16.750 [FXGL Background Thread 1 ] DEBUG FXGL.DefaultMenu     - createMenuBodyGameMenu()
16:53:16.760 [FXGL Background Thread 1 ] DEBUG FXGL.DefaultMenu     - createOptionsMenu()
16:53:16.767 [FXGL Background Thread 1 ] DEBUG FXGLAssetLoaderServi - Loading from file system: jar:file:///C:/Users/yeqiu/.m2/repository/com/github/almasb/FXGL/17.1/fxgl-17.1.jar!/fxglassets/textures/particles/smoke.png
16:53:16.821 [FXGL Background Thread 1 ] DEBUG FXGLAssetLoaderServi - Loading from file system: jar:file:///C:/Users/yeqiu/.m2/repository/com/github/almasb/FXGL/17.1/fxgl-17.1.jar!/fxglassets/textures/particles/trace_horizontal.png
16:53:16.844 [FXGL Background Thread 1 ] DEBUG GameApplicationServi - Application scenes initialized
16:53:16.851 [FXGL Background Thread 1 ] DEBUG SystemBundleService  - Loading FXGL system data
16:53:16.853 [FXGL Background Thread 1 ] DEBUG FileSystemAccess     - Reading from: D:\Maven\TankGame\system\fxgl.bundle
16:53:16.857 [FXGL Background Thread 1 ] DEBUG SystemBundleService  - Bundle FXGL: {}
16:53:16.857 [FXGL Background Thread 1 ] DEBUG UpdaterService       - Checking for updates
16:53:16.861 [FXGL Background Thread 4 ] DEBUG FXGLApplication      - Loading fonts
16:53:16.861 [FXGL Background Thread 1 ] DEBUG FXGLApplication      - Loading default localization
16:53:16.862 [FXGL Background Thread 4 ] DEBUG FXGLAssetLoaderServi - Loading from file system: jar:file:///C:/Users/yeqiu/.m2/repository/com/github/almasb/FXGL/17.1/fxgl-17.1.jar!/fxglassets/ui/fonts/VarelaRound-Regular.ttf
16:53:16.862 [FXGL Background Thread 1 ] DEBUG FXGLAssetLoaderServi - Loading from file system: jar:file:///C:/Users/yeqiu/.m2/repository/com/github/almasb/FXGL/17.1/fxgl-17.1.jar!/fxglassets/languages/english.lang
16:53:16.873 [FXGL Background Thread 1 ] INFO  FXGLApplication      - FXGL initialization took: 0.271 sec
16:53:16.882 [JavaFX Application Thread] DEBUG Input                - Registered new binding: Move Up - Up
16:53:16.882 [JavaFX Application Thread] DEBUG Input                - Registered new binding: Move Down - Down
16:53:16.882 [JavaFX Application Thread] DEBUG Input                - Registered new binding: Move Left - Left
16:53:16.882 [JavaFX Application Thread] DEBUG Input                - Registered new binding: Move Right - Right
16:53:16.882 [JavaFX Application Thread] DEBUG Input                - Registered new binding: shoot - Space
16:53:16.882 [JavaFX Application Thread] DEBUG FXGLAssetLoaderServi - Loading from file system: file:/D:/Maven/TankGame/target/classes/assets/music/bg.mp3
16:53:16.894 [FXGL Background Thread 4 ] DEBUG FXGLAssetLoaderServi - Loading from file system: jar:file:///C:/Users/yeqiu/.m2/repository/com/github/almasb/FXGL/17.1/fxgl-17.1.jar!/fxglassets/ui/fonts/Abel-Regular.ttf
16:53:16.897 [FXGL Background Thread 4 ] DEBUG FXGLAssetLoaderServi - Loading from file system: jar:file:///C:/Users/yeqiu/.m2/repository/com/github/almasb/FXGL/17.1/fxgl-17.1.jar!/fxglassets/ui/fonts/TerminalLandMono-Regular.otf
16:53:16.899 [FXGL Background Thread 4 ] DEBUG FXGLAssetLoaderServi - Loading from file system: jar:file:///C:/Users/yeqiu/.m2/repository/com/github/almasb/FXGL/17.1/fxgl-17.1.jar!/fxglassets/ui/fonts/Courier-Prime.ttf
16:53:16.968 [JavaFX Application Thread] DEBUG AudioPlayer          - Playing music com.almasb.fxgl.audio.Music@69d223f3
16:53:16.968 [JavaFX Application Thread] DEBUG FXGLAssetLoaderServi - Loading from file system: file:/D:/Maven/TankGame/target/classes/assets/textures/logo64.png
16:53:16.972 [JavaFX Application Thread] DEBUG FXGLAssetLoaderServi - Loading from file system: jar:file:///C:/Users/yeqiu/.m2/repository/com/github/almasb/FXGL/17.1/fxgl-17.1.jar!/fxglassets/textures/fxgl_default_cursor.png
16:53:16.974 [JavaFX Application Thread] DEBUG Input                - Registered new binding: Screenshot - CTRL+8
16:53:16.974 [JavaFX Application Thread] DEBUG Input                - Registered new binding: System info dump - CTRL+9
16:53:16.975 [JavaFX Application Thread] DEBUG Input                - Registered new binding: Restart - CTRL+R
16:53:16.975 [FXGL Background Thread 2 ] WARN  UpdaterService       - Failed to find updates: java.net.UnknownHostException: raw.githubusercontent.com
16:53:16.975 [JavaFX Application Thread] DEBUG Input                - Registered new binding: Toggle Debug Camera - CTRL+7
16:53:16.976 [JavaFX Application Thread] DEBUG LoopRunner           - Starting loop
16:53:16.976 [JavaFX Application Thread] DEBUG LoopRunner           - Initializing JavaFX AnimationTimerLoop
16:53:16.977 [JavaFX Application Thread] DEBUG GameApplicationServi - Starting new game
16:53:16.977 [JavaFX Application Thread] DEBUG Input                - Clearing active input actions
16:53:16.982 [JavaFX Application Thread] DEBUG GameApplicationServi - Removing overlay from FXGLStartupScene and adding to FXGLLoadingScene
16:53:16.983 [JavaFX Application Thread] DEBUG PrimaryStageWindow   - FXGLStartupScene -> FXGLLoadingScene
16:53:16.983 [JavaFX Application Thread] DEBUG GameApplicationServi - Clearing previous game
16:53:16.983 [JavaFX Application Thread] DEBUG GameScene            - Clearing game scene
16:53:16.983 [JavaFX Application Thread] DEBUG GameWorld            - Clearing game world
16:53:16.983 [JavaFX Application Thread] DEBUG PhysicsWorld         - Clearing physics world
16:53:16.984 [FXGL Background Thread 2 ] DEBUG FXGLApplication      - Initializing game
16:53:16.985 [JavaFX Application Thread] DEBUG FXGLApplication      - Registering font factories with UI factory
16:53:16.989 [FXGL Background Thread 2 ] DEBUG FXGLAssetLoaderServi - Loading from file system: file:/D:/Maven/TankGame/target/classes/assets/textures/tank.png
16:53:17.006 [FXGL Background Thread 2 ] INFO  FXGLApplication      - Game initialization took: 0.022 sec
16:53:17.019 [JavaFX Application Thread] DEBUG Input                - Clearing active input actions
16:53:17.023 [JavaFX Application Thread] DEBUG GameApplicationServi - Removing overlay from FXGLLoadingScene and adding to GameScene
16:53:17.023 [JavaFX Application Thread] DEBUG PrimaryStageWindow   - FXGLLoadingScene -> GameScene
16:53:17.644 [JavaFX Application Thread] DEBUG PrimaryStageWindow   - Push state: FXGLDefaultMenu
16:53:17.646 [JavaFX Application Thread] DEBUG Input                - Clearing active input actions
16:53:17.649 [JavaFX Application Thread] DEBUG GameApplicationServi - Removing overlay from GameScene and adding to FXGLDefaultMenu
16:53:17.649 [JavaFX Application Thread] DEBUG PrimaryStageWindow   - GameScene -> FXGLDefaultMenu
16:53:19.861 [FXGL Background Thread 3 ] DEBUG Engine               - Logging environment variables
16:53:19.862 [FXGL Background Thread 3 ] DEBUG Engine               - achievements: []
16:53:19.862 [FXGL Background Thread 3 ] DEBUG Engine               - actualHeight: 800.0
16:53:19.863 [FXGL Background Thread 3 ] DEBUG Engine               - actualHeightProperty: ReadOnlyDoubleProperty [value: 800.0]
16:53:19.863 [FXGL Background Thread 3 ] DEBUG Engine               - actualWidth: 600.0
16:53:19.863 [FXGL Background Thread 3 ] DEBUG Engine               - actualWidthProperty: ReadOnlyDoubleProperty [value: 600.0]
16:53:19.863 [FXGL Background Thread 3 ] DEBUG Engine               - appIcon: logo64.png
16:53:19.863 [FXGL Background Thread 3 ] DEBUG Engine               - applicationMode: DEVELOPER
16:53:19.863 [FXGL Background Thread 3 ] DEBUG Engine               - cSSList: [fxgl_dark.css]
16:53:19.863 [FXGL Background Thread 3 ] DEBUG Engine               - collisionDetectionStrategy: BRUTE_FORCE
16:53:19.863 [FXGL Background Thread 3 ] DEBUG Engine               - configClass: Optional.empty
16:53:19.863 [FXGL Background Thread 3 ] DEBUG Engine               - credits: []
16:53:19.863 [FXGL Background Thread 3 ] DEBUG Engine               - defaultCursor: CursorInfo(imageName=fxgl_default_cursor.png, hotspotX=7.0, hotspotY=6.0)
16:53:19.864 [FXGL Background Thread 3 ] DEBUG Engine               - devBBoxColorProperty: ObjectProperty [value: 0xff0000ff]
16:53:19.864 [FXGL Background Thread 3 ] DEBUG Engine               - devEnableDebugCameraProperty: BooleanProperty [value: false]
16:53:19.864 [FXGL Background Thread 3 ] DEBUG Engine               - devSensorColorProperty: ObjectProperty [value: 0xffff00ff]
16:53:19.864 [FXGL Background Thread 3 ] DEBUG Engine               - devShowBBoxProperty: BooleanProperty [value: false]
16:53:19.864 [FXGL Background Thread 3 ] DEBUG Engine               - devShowPositionProperty: BooleanProperty [value: false]
16:53:19.864 [FXGL Background Thread 3 ] DEBUG Engine               - enabledMenuItems: []
16:53:19.864 [FXGL Background Thread 3 ] DEBUG Engine               - engineServices: [class com.almasb.fxgl.app.services.FXGLAssetLoaderService, class com.almasb.fxgl.app.FXGLApplication$GameApplicationService, class com.almasb.fxgl.app.services.FXGLDialogService, class com.almasb.fxgl.app.services.IOTaskExecutorService, class com.almasb.fxgl.io.FileSystemService, class com.almasb.fxgl.localization.LocalizationService, class com.almasb.fxgl.app.services.SystemBundleService, class com.almasb.fxgl.profile.SaveLoadService, class com.almasb.fxgl.ui.FXGLUIFactoryServiceProvider, class com.almasb.fxgl.ui.FXGLDialogFactoryServiceProvider, class com.almasb.fxgl.audio.AudioPlayer, class com.almasb.fxgl.notification.impl.NotificationServiceProvider, class com.almasb.fxgl.achievement.AchievementService, class com.almasb.fxgl.cutscene.CutsceneService, class com.almasb.fxgl.minigames.MiniGameService, class com.almasb.fxgl.net.NetService, class com.almasb.fxgl.app.services.UpdaterService, class com.almasb.fxgl.dev.DevService]
16:53:19.864 [FXGL Background Thread 3 ] DEBUG Engine               - fontGame: Abel-Regular.ttf
16:53:19.864 [FXGL Background Thread 3 ] DEBUG Engine               - fontMono: TerminalLandMono-Regular.otf
16:53:19.864 [FXGL Background Thread 3 ] DEBUG Engine               - fontText: Courier-Prime.ttf
16:53:19.864 [FXGL Background Thread 3 ] DEBUG Engine               - fontUI: VarelaRound-Regular.ttf
16:53:19.864 [FXGL Background Thread 3 ] DEBUG Engine               - fullScreen: BooleanProperty [value: false]
16:53:19.864 [FXGL Background Thread 3 ] DEBUG Engine               - gameDifficulty: MEDIUM
16:53:19.864 [FXGL Background Thread 3 ] DEBUG Engine               - gameDifficultyProperty: ObjectProperty [value: MEDIUM]
16:53:19.864 [FXGL Background Thread 3 ] DEBUG Engine               - globalMusicVolume: 0.5
16:53:19.864 [FXGL Background Thread 3 ] DEBUG Engine               - globalMusicVolumeProperty: DoubleProperty [value: 0.5]
16:53:19.864 [FXGL Background Thread 3 ] DEBUG Engine               - globalSoundVolume: 0.5
16:53:19.864 [FXGL Background Thread 3 ] DEBUG Engine               - globalSoundVolumeProperty: DoubleProperty [value: 0.8]
16:53:19.864 [FXGL Background Thread 3 ] DEBUG Engine               - height: 800
16:53:19.864 [FXGL Background Thread 3 ] DEBUG Engine               - is3D: false
16:53:19.864 [FXGL Background Thread 3 ] DEBUG Engine               - isAndroid: false
16:53:19.864 [FXGL Background Thread 3 ] DEBUG Engine               - isBrowser: false
16:53:19.864 [FXGL Background Thread 3 ] DEBUG Engine               - isClickFeedbackEnabled: false
16:53:19.864 [FXGL Background Thread 3 ] DEBUG Engine               - isCloseConfirmation: false
16:53:19.864 [FXGL Background Thread 3 ] DEBUG Engine               - isDesktop: true
16:53:19.864 [FXGL Background Thread 3 ] DEBUG Engine               - isDeveloperMenuEnabled: false
16:53:19.865 [FXGL Background Thread 3 ] DEBUG Engine               - isEmbedded: false
16:53:19.865 [FXGL Background Thread 3 ] DEBUG Engine               - isEntityPreloadEnabled: true
16:53:19.865 [FXGL Background Thread 3 ] DEBUG Engine               - isExperimentalTiledLargeMap: false
16:53:19.865 [FXGL Background Thread 3 ] DEBUG Engine               - isFileSystemWriteAllowed: true
16:53:19.865 [FXGL Background Thread 3 ] DEBUG Engine               - isFullScreenAllowed: false
16:53:19.865 [FXGL Background Thread 3 ] DEBUG Engine               - isFullScreenFromStart: false
16:53:19.865 [FXGL Background Thread 3 ] DEBUG Engine               - isGameMenuEnabled: true
16:53:19.865 [FXGL Background Thread 3 ] DEBUG Engine               - isIOS: false
16:53:19.865 [FXGL Background Thread 3 ] DEBUG Engine               - isIntroEnabled: false
16:53:19.865 [FXGL Background Thread 3 ] DEBUG Engine               - isLinux: false
16:53:19.865 [FXGL Background Thread 3 ] DEBUG Engine               - isMac: false
16:53:19.865 [FXGL Background Thread 3 ] DEBUG Engine               - isMainMenuEnabled: false
16:53:19.865 [FXGL Background Thread 3 ] DEBUG Engine               - isManualResizeEnabled: false
16:53:19.865 [FXGL Background Thread 3 ] DEBUG Engine               - isMobile: false
16:53:19.865 [FXGL Background Thread 3 ] DEBUG Engine               - isNative: false
16:53:19.865 [FXGL Background Thread 3 ] DEBUG Engine               - isPauseMusicWhenMinimized: true
16:53:19.865 [FXGL Background Thread 3 ] DEBUG Engine               - isPreserveResizeRatio: false
16:53:19.865 [FXGL Background Thread 3 ] DEBUG Engine               - isProfilingEnabled: false
16:53:19.865 [FXGL Background Thread 3 ] DEBUG Engine               - isScaleAffectedOnResize: true
16:53:19.865 [FXGL Background Thread 3 ] DEBUG Engine               - isSingleStep: false
16:53:19.865 [FXGL Background Thread 3 ] DEBUG Engine               - isUserProfileEnabled: false
16:53:19.865 [FXGL Background Thread 3 ] DEBUG Engine               - isWindows: true
16:53:19.865 [FXGL Background Thread 3 ] DEBUG Engine               - language: ObjectProperty [value: ENGLISH]
16:53:19.865 [FXGL Background Thread 3 ] DEBUG Engine               - menuKey: ESCAPE
16:53:19.865 [FXGL Background Thread 3 ] DEBUG Engine               - mouseSensitivity: 0.2
16:53:19.866 [FXGL Background Thread 3 ] DEBUG Engine               - notificationViewClass: class com.almasb.fxgl.notification.view.XboxNotificationView
16:53:19.866 [FXGL Background Thread 3 ] DEBUG Engine               - pixelsPerMeter: 50.0
16:53:19.866 [FXGL Background Thread 3 ] DEBUG Engine               - platform: WINDOWS
16:53:19.866 [FXGL Background Thread 3 ] DEBUG Engine               - prefHeightProperty: ReadOnlyDoubleProperty [value: 800.0]
16:53:19.866 [FXGL Background Thread 3 ] DEBUG Engine               - prefWidthProperty: ReadOnlyDoubleProperty [value: 600.0]
16:53:19.866 [FXGL Background Thread 3 ] DEBUG Engine               - profileDir: profiles/
16:53:19.866 [FXGL Background Thread 3 ] DEBUG Engine               - profileName: StringProperty [value: DEFAULT]
16:53:19.866 [FXGL Background Thread 3 ] DEBUG Engine               - randomSeed: -1
16:53:19.866 [FXGL Background Thread 3 ] DEBUG Engine               - runtimeInfo: RuntimeInfo(platform=WINDOWS, version=17.1, build=24.03.2022 17.34)
16:53:19.866 [FXGL Background Thread 3 ] DEBUG Engine               - saveFileExt: sav
16:53:19.866 [FXGL Background Thread 3 ] DEBUG Engine               - scaledHeightProp$fxgl: DoubleProperty [bound, value: 800.0]
16:53:19.866 [FXGL Background Thread 3 ] DEBUG Engine               - scaledWidthProp$fxgl: DoubleProperty [bound, value: 600.0]
16:53:19.866 [FXGL Background Thread 3 ] DEBUG Engine               - sceneFactory: com.almasb.fxgl.app.scene.SceneFactory@6858e9f1
16:53:19.866 [FXGL Background Thread 3 ] DEBUG Engine               - secondsIn24h: 60
16:53:19.866 [FXGL Background Thread 3 ] DEBUG Engine               - soundMenuBack: menu/back.wav
16:53:19.866 [FXGL Background Thread 3 ] DEBUG Engine               - soundMenuPress: menu/press.wav
16:53:19.866 [FXGL Background Thread 3 ] DEBUG Engine               - soundMenuSelect: menu/select.wav
16:53:19.866 [FXGL Background Thread 3 ] DEBUG Engine               - soundNotification: core/notification.wav
16:53:19.866 [FXGL Background Thread 3 ] DEBUG Engine               - stageStyle: DECORATED
16:53:19.866 [FXGL Background Thread 3 ] DEBUG Engine               - supportedLanguages: [ENGLISH, FRENCH, GERMAN, HUNGARIAN, RUSSIAN]
16:53:19.867 [FXGL Background Thread 3 ] DEBUG Engine               - ticksPerSecond: -1
16:53:19.867 [FXGL Background Thread 3 ] DEBUG Engine               - title: Aircraft War
16:53:19.867 [FXGL Background Thread 3 ] DEBUG Engine               - urlGithub: https://github.com/AlmasB/FXGL
16:53:19.867 [FXGL Background Thread 3 ] DEBUG Engine               - urlLeaderboard: http://fxgl-top.herokuapp.com/
16:53:19.867 [FXGL Background Thread 3 ] DEBUG Engine               - urlPOM: https://raw.githubusercontent.com/AlmasB/FXGL/release/README.md
16:53:19.867 [FXGL Background Thread 3 ] DEBUG Engine               - userAppClass: class AircraftWar.AirApp
16:53:19.867 [FXGL Background Thread 3 ] DEBUG Engine               - version: 7.7
16:53:19.867 [FXGL Background Thread 3 ] DEBUG Engine               - versionCheckDays: 7
16:53:19.867 [FXGL Background Thread 3 ] DEBUG Engine               - width: 600
16:53:19.867 [FXGL Background Thread 3 ] DEBUG Engine               - Logging services
16:53:19.867 [FXGL Background Thread 3 ] DEBUG Engine               - class com.almasb.fxgl.app.services.FXGLAssetLoaderService
16:53:19.867 [FXGL Background Thread 3 ] DEBUG Engine               - class com.almasb.fxgl.app.FXGLApplication$GameApplicationService
16:53:19.867 [FXGL Background Thread 3 ] DEBUG Engine               - class com.almasb.fxgl.app.services.FXGLDialogService
16:53:19.867 [FXGL Background Thread 3 ] DEBUG Engine               - class com.almasb.fxgl.app.services.IOTaskExecutorService
16:53:19.867 [FXGL Background Thread 3 ] DEBUG Engine               - class com.almasb.fxgl.io.FileSystemService
16:53:19.867 [FXGL Background Thread 3 ] DEBUG Engine               - class com.almasb.fxgl.localization.LocalizationService
16:53:19.867 [FXGL Background Thread 3 ] DEBUG Engine               - class com.almasb.fxgl.app.services.SystemBundleService
16:53:19.867 [FXGL Background Thread 3 ] DEBUG Engine               - class com.almasb.fxgl.profile.SaveLoadService
16:53:19.867 [FXGL Background Thread 3 ] DEBUG Engine               - class com.almasb.fxgl.ui.FXGLUIFactoryServiceProvider
16:53:19.867 [FXGL Background Thread 3 ] DEBUG Engine               - class com.almasb.fxgl.ui.FXGLDialogFactoryServiceProvider
16:53:19.867 [FXGL Background Thread 3 ] DEBUG Engine               - class com.almasb.fxgl.audio.AudioPlayer
16:53:19.867 [FXGL Background Thread 3 ] DEBUG Engine               - class com.almasb.fxgl.notification.impl.NotificationServiceProvider
16:53:19.867 [FXGL Background Thread 3 ] DEBUG Engine               - class com.almasb.fxgl.achievement.AchievementService
16:53:19.867 [FXGL Background Thread 3 ] DEBUG Engine               - class com.almasb.fxgl.cutscene.CutsceneService
16:53:19.867 [FXGL Background Thread 3 ] DEBUG Engine               - class com.almasb.fxgl.minigames.MiniGameService
16:53:19.867 [FXGL Background Thread 3 ] DEBUG Engine               - class com.almasb.fxgl.net.NetService
16:53:19.867 [FXGL Background Thread 3 ] DEBUG Engine               - class com.almasb.fxgl.app.services.UpdaterService
16:53:19.868 [FXGL Background Thread 3 ] DEBUG Engine               - class com.almasb.fxgl.dev.DevService
16:53:19.962 [JavaFX Application Thread] DEBUG FXGL.DefaultMenu     - createContentAudio()
16:53:22.947 [JavaFX Application Thread] DEBUG PrimaryStageWindow   - Pop state: FXGLDefaultMenu
16:53:22.948 [JavaFX Application Thread] DEBUG Input                - Clearing active input actions
16:53:22.948 [JavaFX Application Thread] DEBUG GameApplicationServi - Removing overlay from FXGLDefaultMenu and adding to GameScene
16:53:22.948 [JavaFX Application Thread] DEBUG PrimaryStageWindow   - GameScene <- FXGLDefaultMenu
16:53:24.112 [JavaFX Application Thread] DEBUG FXGLAssetLoaderServi - Loading from file system: file:/D:/Maven/TankGame/target/classes/assets/sounds/shoot.wav
16:53:24.930 [JavaFX Application Thread] DEBUG FXGLAssetLoaderServi - Loading from file system: file:/D:/Maven/TankGame/target/classes/assets/sounds/bomb.wav
16:54:37.269 [JavaFX Application Thread] DEBUG FXGLApplication      - Exiting FXGL
16:54:37.269 [JavaFX Application Thread] DEBUG LoopRunner           - Stopping loop
16:54:37.269 [JavaFX Application Thread] DEBUG SystemBundleService  - Saving FXGL system data
16:54:37.270 [JavaFX Application Thread] DEBUG FileSystemAccess     - Writing to: D:\Maven\TankGame\system\fxgl.bundle
16:54:37.271 [JavaFX Application Thread] DEBUG Async                - Shutting down background threads
16:54:37.271 [JavaFX Application Thread] DEBUG PrimaryStageWindow   - Closing main window
16:54:37.281 [JavaFX Application Thread] DEBUG Logger               - Closing Logger
