16:46:01.424 [main                     ] DEBUG Logger               - Configured Logger
16:46:01.443 [main                     ] DEBUG GameApplication      - Logging settings
Title: Tank Battle
Version: 0.1
Width: 700
Height: 500
Fullscreen: false
Intro: false
Profiling: false
Single step:false
App Mode: DEVELOPER
Menu Key: ESCAPE
Stage Style: DECORATED
Scene Factory: class com.almasb.fxgl.app.scene.SceneFactory

16:46:01.784 [JavaFX Application Thread] DEBUG FXGLApplication      - Initializing FXGL
16:46:01.788 [JavaFX Application Thread] INFO  Engine               - FXGL-17.1 (24.03.2022 17.34) on WINDOWS (J:17.0.2 FX:18)
16:46:01.788 [JavaFX Application Thread] DEBUG Engine               - JRE Vendor Name: Amazon.com Inc.
16:46:01.788 [JavaFX Application Thread] DEBUG Engine               - Running on OS: Windows 10 version 10.0
16:46:01.789 [JavaFX Application Thread] DEBUG Engine               - Architecture: amd64
16:46:01.789 [JavaFX Application Thread] INFO  Engine               - Source code and latest versions at: https://github.com/AlmasB/FXGL
16:46:01.789 [JavaFX Application Thread] INFO  Engine               -       Ask questions and discuss at: https://github.com/AlmasB/FXGL/discussions
16:46:01.789 [JavaFX Application Thread] INFO  Engine               -              Join the FXGL chat at: https://gitter.im/AlmasB/FXGL
16:46:01.845 [JavaFX Application Thread] DEBUG PrimaryStageWindow   - Creating a JavaFX scene
16:46:01.871 [JavaFX Application Thread] DEBUG PrimaryStageWindow   - Target settings size: 700.0 x 500.0
16:46:01.871 [JavaFX Application Thread] DEBUG PrimaryStageWindow   - Scaled scene size:    700.0 x 500.0
16:46:01.871 [JavaFX Application Thread] DEBUG PrimaryStageWindow   - Scaled ratio: (1.0, 1.0)
16:46:01.872 [JavaFX Application Thread] DEBUG PrimaryStageWindow   - Set initial scene to FXGLStartupScene
16:46:01.876 [JavaFX Application Thread] DEBUG PrimaryStageWindow   - Opening main window
16:46:01.927 [JavaFX Application Thread] DEBUG PrimaryStageWindow   - Window border size: (14.4000244140625, 37.5999755859375)
16:46:01.927 [JavaFX Application Thread] DEBUG PrimaryStageWindow   - Scaled size: 700.0 x 500.0
16:46:01.927 [JavaFX Application Thread] DEBUG PrimaryStageWindow   - Scaled ratio: (1.0, 1.0)
16:46:01.927 [JavaFX Application Thread] DEBUG PrimaryStageWindow   - Scene size: 700.0 x 500.0
16:46:01.928 [JavaFX Application Thread] DEBUG PrimaryStageWindow   - Stage size: 714.4000244140625 x 537.5999755859375
16:46:01.933 [FXGL Background Thread 1 ] DEBUG Engine               - Initializing environment variables
16:46:01.958 [FXGL Background Thread 1 ] DEBUG FXGLAssetLoaderServi - User app class for loading assets: class Tank.TankApp
16:46:01.959 [FXGL Background Thread 1 ] DEBUG GameApplicationServi - Applying CSS: fxgl_dark.css
16:46:01.959 [FXGL Background Thread 1 ] DEBUG FXGLAssetLoaderServi - Loading from file system: jar:file:///C:/Users/yeqiu/.m2/repository/com/github/almasb/FXGL/17.1/fxgl-17.1.jar!/fxglassets/ui/css/fxgl_dark.css
16:46:01.992 [FXGL Background Thread 1 ] DEBUG GameApplicationServi - Initializing application scenes
16:46:02.034 [FXGL Background Thread 1 ] DEBUG GameWorld            - Game world initialized
16:46:02.082 [FXGL Background Thread 1 ] DEBUG PhysicsWorld         - Physics world initialized: appHeight=500, physics.ppm=50.0
16:46:02.082 [FXGL Background Thread 1 ] DEBUG PhysicsWorld         - Using strategy: BRUTE_FORCE
16:46:02.085 [FXGL Background Thread 1 ] DEBUG GameScene            - Game scene initialized: 700x500
16:46:02.096 [FXGL Background Thread 1 ] WARN  FXGL.DefaultMenu     - FXGLDefaultMenu is not designed for resolutions < 800x600
16:46:02.097 [FXGL Background Thread 1 ] DEBUG FXGL.DefaultMenu     - createMenuBodyGameMenu()
16:46:02.109 [FXGL Background Thread 1 ] DEBUG FXGL.DefaultMenu     - createOptionsMenu()
16:46:02.115 [FXGL Background Thread 1 ] DEBUG FXGLAssetLoaderServi - Loading from file system: jar:file:///C:/Users/yeqiu/.m2/repository/com/github/almasb/FXGL/17.1/fxgl-17.1.jar!/fxglassets/textures/particles/smoke.png
16:46:02.170 [FXGL Background Thread 1 ] DEBUG FXGLAssetLoaderServi - Loading from file system: jar:file:///C:/Users/yeqiu/.m2/repository/com/github/almasb/FXGL/17.1/fxgl-17.1.jar!/fxglassets/textures/particles/trace_horizontal.png
16:46:02.193 [FXGL Background Thread 1 ] DEBUG GameApplicationServi - Application scenes initialized
16:46:02.201 [FXGL Background Thread 1 ] DEBUG SystemBundleService  - Loading FXGL system data
16:46:02.205 [FXGL Background Thread 1 ] DEBUG FileSystemAccess     - Reading from: D:\Maven\TankGame\system\fxgl.bundle
16:46:02.209 [FXGL Background Thread 1 ] DEBUG SystemBundleService  - Bundle FXGL: {}
16:46:02.209 [FXGL Background Thread 1 ] DEBUG UpdaterService       - Checking for updates
16:46:02.211 [FXGL Background Thread 4 ] DEBUG FXGLApplication      - Loading fonts
16:46:02.212 [FXGL Background Thread 1 ] DEBUG FXGLApplication      - Loading default localization
16:46:02.212 [FXGL Background Thread 4 ] DEBUG FXGLAssetLoaderServi - Loading from file system: jar:file:///C:/Users/yeqiu/.m2/repository/com/github/almasb/FXGL/17.1/fxgl-17.1.jar!/fxglassets/ui/fonts/VarelaRound-Regular.ttf
16:46:02.212 [FXGL Background Thread 1 ] DEBUG FXGLAssetLoaderServi - Loading from file system: jar:file:///C:/Users/yeqiu/.m2/repository/com/github/almasb/FXGL/17.1/fxgl-17.1.jar!/fxglassets/languages/english.lang
16:46:02.227 [FXGL Background Thread 1 ] INFO  FXGLApplication      - FXGL initialization took: 0.294 sec
16:46:02.235 [JavaFX Application Thread] DEBUG Input                - Registered new binding: Move Up - Up
16:46:02.235 [JavaFX Application Thread] DEBUG Input                - Registered new binding: Move Down - Down
16:46:02.236 [JavaFX Application Thread] DEBUG Input                - Registered new binding: Move Left - Left
16:46:02.236 [JavaFX Application Thread] DEBUG Input                - Registered new binding: Move Right - Right
16:46:02.236 [JavaFX Application Thread] DEBUG Input                - Registered new binding: shoot - Space
16:46:02.237 [JavaFX Application Thread] DEBUG FXGLAssetLoaderServi - Loading from file system: file:/D:/Maven/TankGame/target/classes/assets/music/bg.mp3
16:46:02.250 [FXGL Background Thread 4 ] DEBUG FXGLAssetLoaderServi - Loading from file system: jar:file:///C:/Users/yeqiu/.m2/repository/com/github/almasb/FXGL/17.1/fxgl-17.1.jar!/fxglassets/ui/fonts/Abel-Regular.ttf
16:46:02.253 [FXGL Background Thread 4 ] DEBUG FXGLAssetLoaderServi - Loading from file system: jar:file:///C:/Users/yeqiu/.m2/repository/com/github/almasb/FXGL/17.1/fxgl-17.1.jar!/fxglassets/ui/fonts/TerminalLandMono-Regular.otf
16:46:02.255 [FXGL Background Thread 4 ] DEBUG FXGLAssetLoaderServi - Loading from file system: jar:file:///C:/Users/yeqiu/.m2/repository/com/github/almasb/FXGL/17.1/fxgl-17.1.jar!/fxglassets/ui/fonts/Courier-Prime.ttf
16:46:02.339 [JavaFX Application Thread] DEBUG AudioPlayer          - Playing music com.almasb.fxgl.audio.Music@61ab08c3
16:46:02.340 [JavaFX Application Thread] DEBUG FXGLAssetLoaderServi - Loading from file system: file:/D:/Maven/TankGame/target/classes/assets/textures/tank.png
16:46:02.343 [JavaFX Application Thread] DEBUG FXGLAssetLoaderServi - Loading from file system: jar:file:///C:/Users/yeqiu/.m2/repository/com/github/almasb/FXGL/17.1/fxgl-17.1.jar!/fxglassets/textures/fxgl_default_cursor.png
16:46:02.345 [JavaFX Application Thread] DEBUG Input                - Registered new binding: Screenshot - CTRL+8
16:46:02.345 [JavaFX Application Thread] DEBUG Input                - Registered new binding: System info dump - CTRL+9
16:46:02.345 [JavaFX Application Thread] DEBUG Input                - Registered new binding: Restart - CTRL+R
16:46:02.345 [JavaFX Application Thread] DEBUG Input                - Registered new binding: Toggle Debug Camera - CTRL+7
16:46:02.346 [FXGL Background Thread 2 ] WARN  UpdaterService       - Failed to find updates: java.net.UnknownHostException: raw.githubusercontent.com
16:46:02.347 [JavaFX Application Thread] DEBUG LoopRunner           - Starting loop
16:46:02.347 [JavaFX Application Thread] DEBUG LoopRunner           - Initializing JavaFX AnimationTimerLoop
16:46:02.348 [JavaFX Application Thread] DEBUG GameApplicationServi - Starting new game
16:46:02.348 [JavaFX Application Thread] DEBUG Input                - Clearing active input actions
16:46:02.357 [JavaFX Application Thread] DEBUG GameApplicationServi - Removing overlay from FXGLStartupScene and adding to FXGLLoadingScene
16:46:02.357 [JavaFX Application Thread] DEBUG PrimaryStageWindow   - FXGLStartupScene -> FXGLLoadingScene
16:46:02.357 [JavaFX Application Thread] DEBUG GameApplicationServi - Clearing previous game
16:46:02.357 [JavaFX Application Thread] DEBUG GameScene            - Clearing game scene
16:46:02.357 [JavaFX Application Thread] DEBUG GameWorld            - Clearing game world
16:46:02.358 [JavaFX Application Thread] DEBUG PhysicsWorld         - Clearing physics world
16:46:02.358 [JavaFX Application Thread] DEBUG FXGLApplication      - Registering font factories with UI factory
16:46:02.380 [FXGL Background Thread 2 ] INFO  FXGLApplication      - Game initialization took: 0.022 sec
16:46:02.395 [JavaFX Application Thread] DEBUG Input                - Clearing active input actions
16:46:02.399 [JavaFX Application Thread] DEBUG GameApplicationServi - Removing overlay from FXGLLoadingScene and adding to GameScene
16:46:02.399 [JavaFX Application Thread] DEBUG PrimaryStageWindow   - FXGLLoadingScene -> GameScene
16:46:03.251 [JavaFX Application Thread] DEBUG PrimaryStageWindow   - Push state: FXGLDefaultMenu
16:46:03.254 [JavaFX Application Thread] DEBUG Input                - Clearing active input actions
16:46:03.257 [JavaFX Application Thread] DEBUG GameApplicationServi - Removing overlay from GameScene and adding to FXGLDefaultMenu
16:46:03.257 [JavaFX Application Thread] DEBUG PrimaryStageWindow   - GameScene -> FXGLDefaultMenu
16:46:05.213 [FXGL Background Thread 3 ] DEBUG Engine               - Logging environment variables
16:46:05.213 [FXGL Background Thread 3 ] DEBUG Engine               - achievements: []
16:46:05.213 [FXGL Background Thread 3 ] DEBUG Engine               - actualHeight: 500.0
16:46:05.213 [FXGL Background Thread 3 ] DEBUG Engine               - actualHeightProperty: ReadOnlyDoubleProperty [value: 500.0]
16:46:05.213 [FXGL Background Thread 3 ] DEBUG Engine               - actualWidth: 700.0
16:46:05.213 [FXGL Background Thread 3 ] DEBUG Engine               - actualWidthProperty: ReadOnlyDoubleProperty [value: 700.0]
16:46:05.213 [FXGL Background Thread 3 ] DEBUG Engine               - appIcon: tank.png
16:46:05.213 [FXGL Background Thread 3 ] DEBUG Engine               - applicationMode: DEVELOPER
16:46:05.213 [FXGL Background Thread 3 ] DEBUG Engine               - cSSList: [fxgl_dark.css]
16:46:05.214 [FXGL Background Thread 3 ] DEBUG Engine               - collisionDetectionStrategy: BRUTE_FORCE
16:46:05.214 [FXGL Background Thread 3 ] DEBUG Engine               - configClass: Optional.empty
16:46:05.214 [FXGL Background Thread 3 ] DEBUG Engine               - credits: []
16:46:05.214 [FXGL Background Thread 3 ] DEBUG Engine               - defaultCursor: CursorInfo(imageName=fxgl_default_cursor.png, hotspotX=7.0, hotspotY=6.0)
16:46:05.214 [FXGL Background Thread 3 ] DEBUG Engine               - devBBoxColorProperty: ObjectProperty [value: 0xff0000ff]
16:46:05.214 [FXGL Background Thread 3 ] DEBUG Engine               - devEnableDebugCameraProperty: BooleanProperty [value: false]
16:46:05.214 [FXGL Background Thread 3 ] DEBUG Engine               - devSensorColorProperty: ObjectProperty [value: 0xffff00ff]
16:46:05.214 [FXGL Background Thread 3 ] DEBUG Engine               - devShowBBoxProperty: BooleanProperty [value: false]
16:46:05.214 [FXGL Background Thread 3 ] DEBUG Engine               - devShowPositionProperty: BooleanProperty [value: false]
16:46:05.214 [FXGL Background Thread 3 ] DEBUG Engine               - enabledMenuItems: []
16:46:05.214 [FXGL Background Thread 3 ] DEBUG Engine               - engineServices: [class com.almasb.fxgl.app.services.FXGLAssetLoaderService, class com.almasb.fxgl.app.FXGLApplication$GameApplicationService, class com.almasb.fxgl.app.services.FXGLDialogService, class com.almasb.fxgl.app.services.IOTaskExecutorService, class com.almasb.fxgl.io.FileSystemService, class com.almasb.fxgl.localization.LocalizationService, class com.almasb.fxgl.app.services.SystemBundleService, class com.almasb.fxgl.profile.SaveLoadService, class com.almasb.fxgl.ui.FXGLUIFactoryServiceProvider, class com.almasb.fxgl.ui.FXGLDialogFactoryServiceProvider, class com.almasb.fxgl.audio.AudioPlayer, class com.almasb.fxgl.notification.impl.NotificationServiceProvider, class com.almasb.fxgl.achievement.AchievementService, class com.almasb.fxgl.cutscene.CutsceneService, class com.almasb.fxgl.minigames.MiniGameService, class com.almasb.fxgl.net.NetService, class com.almasb.fxgl.app.services.UpdaterService, class com.almasb.fxgl.dev.DevService]
16:46:05.214 [FXGL Background Thread 3 ] DEBUG Engine               - fontGame: Abel-Regular.ttf
16:46:05.215 [FXGL Background Thread 3 ] DEBUG Engine               - fontMono: TerminalLandMono-Regular.otf
16:46:05.215 [FXGL Background Thread 3 ] DEBUG Engine               - fontText: Courier-Prime.ttf
16:46:05.215 [FXGL Background Thread 3 ] DEBUG Engine               - fontUI: VarelaRound-Regular.ttf
16:46:05.215 [FXGL Background Thread 3 ] DEBUG Engine               - fullScreen: BooleanProperty [value: false]
16:46:05.215 [FXGL Background Thread 3 ] DEBUG Engine               - gameDifficulty: MEDIUM
16:46:05.215 [FXGL Background Thread 3 ] DEBUG Engine               - gameDifficultyProperty: ObjectProperty [value: MEDIUM]
16:46:05.215 [FXGL Background Thread 3 ] DEBUG Engine               - globalMusicVolume: 0.5
16:46:05.215 [FXGL Background Thread 3 ] DEBUG Engine               - globalMusicVolumeProperty: DoubleProperty [value: 0.5]
16:46:05.215 [FXGL Background Thread 3 ] DEBUG Engine               - globalSoundVolume: 0.5
16:46:05.215 [FXGL Background Thread 3 ] DEBUG Engine               - globalSoundVolumeProperty: DoubleProperty [value: 0.8]
16:46:05.215 [FXGL Background Thread 3 ] DEBUG Engine               - height: 500
16:46:05.215 [FXGL Background Thread 3 ] DEBUG Engine               - is3D: false
16:46:05.215 [FXGL Background Thread 3 ] DEBUG Engine               - isAndroid: false
16:46:05.215 [FXGL Background Thread 3 ] DEBUG Engine               - isBrowser: false
16:46:05.215 [FXGL Background Thread 3 ] DEBUG Engine               - isClickFeedbackEnabled: false
16:46:05.215 [FXGL Background Thread 3 ] DEBUG Engine               - isCloseConfirmation: false
16:46:05.220 [FXGL Background Thread 3 ] DEBUG Engine               - isDesktop: true
16:46:05.220 [FXGL Background Thread 3 ] DEBUG Engine               - isDeveloperMenuEnabled: false
16:46:05.220 [FXGL Background Thread 3 ] DEBUG Engine               - isEmbedded: false
16:46:05.220 [FXGL Background Thread 3 ] DEBUG Engine               - isEntityPreloadEnabled: true
16:46:05.220 [FXGL Background Thread 3 ] DEBUG Engine               - isExperimentalTiledLargeMap: false
16:46:05.220 [FXGL Background Thread 3 ] DEBUG Engine               - isFileSystemWriteAllowed: true
16:46:05.220 [FXGL Background Thread 3 ] DEBUG Engine               - isFullScreenAllowed: false
16:46:05.220 [FXGL Background Thread 3 ] DEBUG Engine               - isFullScreenFromStart: false
16:46:05.220 [FXGL Background Thread 3 ] DEBUG Engine               - isGameMenuEnabled: true
16:46:05.220 [FXGL Background Thread 3 ] DEBUG Engine               - isIOS: false
16:46:05.220 [FXGL Background Thread 3 ] DEBUG Engine               - isIntroEnabled: false
16:46:05.220 [FXGL Background Thread 3 ] DEBUG Engine               - isLinux: false
16:46:05.220 [FXGL Background Thread 3 ] DEBUG Engine               - isMac: false
16:46:05.221 [FXGL Background Thread 3 ] DEBUG Engine               - isMainMenuEnabled: false
16:46:05.221 [FXGL Background Thread 3 ] DEBUG Engine               - isManualResizeEnabled: false
16:46:05.221 [FXGL Background Thread 3 ] DEBUG Engine               - isMobile: false
16:46:05.221 [FXGL Background Thread 3 ] DEBUG Engine               - isNative: false
16:46:05.221 [FXGL Background Thread 3 ] DEBUG Engine               - isPauseMusicWhenMinimized: true
16:46:05.221 [FXGL Background Thread 3 ] DEBUG Engine               - isPreserveResizeRatio: false
16:46:05.221 [FXGL Background Thread 3 ] DEBUG Engine               - isProfilingEnabled: false
16:46:05.221 [FXGL Background Thread 3 ] DEBUG Engine               - isScaleAffectedOnResize: true
16:46:05.221 [FXGL Background Thread 3 ] DEBUG Engine               - isSingleStep: false
16:46:05.221 [FXGL Background Thread 3 ] DEBUG Engine               - isUserProfileEnabled: false
16:46:05.221 [FXGL Background Thread 3 ] DEBUG Engine               - isWindows: true
16:46:05.221 [FXGL Background Thread 3 ] DEBUG Engine               - language: ObjectProperty [value: ENGLISH]
16:46:05.221 [FXGL Background Thread 3 ] DEBUG Engine               - menuKey: ESCAPE
16:46:05.221 [FXGL Background Thread 3 ] DEBUG Engine               - mouseSensitivity: 0.2
16:46:05.221 [FXGL Background Thread 3 ] DEBUG Engine               - notificationViewClass: class com.almasb.fxgl.notification.view.XboxNotificationView
16:46:05.221 [FXGL Background Thread 3 ] DEBUG Engine               - pixelsPerMeter: 50.0
16:46:05.221 [FXGL Background Thread 3 ] DEBUG Engine               - platform: WINDOWS
16:46:05.221 [FXGL Background Thread 3 ] DEBUG Engine               - prefHeightProperty: ReadOnlyDoubleProperty [value: 500.0]
16:46:05.221 [FXGL Background Thread 3 ] DEBUG Engine               - prefWidthProperty: ReadOnlyDoubleProperty [value: 700.0]
16:46:05.221 [FXGL Background Thread 3 ] DEBUG Engine               - profileDir: profiles/
16:46:05.221 [FXGL Background Thread 3 ] DEBUG Engine               - profileName: StringProperty [value: DEFAULT]
16:46:05.221 [FXGL Background Thread 3 ] DEBUG Engine               - randomSeed: -1
16:46:05.222 [FXGL Background Thread 3 ] DEBUG Engine               - runtimeInfo: RuntimeInfo(platform=WINDOWS, version=17.1, build=24.03.2022 17.34)
16:46:05.222 [FXGL Background Thread 3 ] DEBUG Engine               - saveFileExt: sav
16:46:05.222 [FXGL Background Thread 3 ] DEBUG Engine               - scaledHeightProp$fxgl: DoubleProperty [bound, value: 500.0]
16:46:05.222 [FXGL Background Thread 3 ] DEBUG Engine               - scaledWidthProp$fxgl: DoubleProperty [bound, value: 700.0]
16:46:05.222 [FXGL Background Thread 3 ] DEBUG Engine               - sceneFactory: com.almasb.fxgl.app.scene.SceneFactory@14495a13
16:46:05.222 [FXGL Background Thread 3 ] DEBUG Engine               - secondsIn24h: 60
16:46:05.222 [FXGL Background Thread 3 ] DEBUG Engine               - soundMenuBack: menu/back.wav
16:46:05.222 [FXGL Background Thread 3 ] DEBUG Engine               - soundMenuPress: menu/press.wav
16:46:05.222 [FXGL Background Thread 3 ] DEBUG Engine               - soundMenuSelect: menu/select.wav
16:46:05.222 [FXGL Background Thread 3 ] DEBUG Engine               - soundNotification: core/notification.wav
16:46:05.222 [FXGL Background Thread 3 ] DEBUG Engine               - stageStyle: DECORATED
16:46:05.222 [FXGL Background Thread 3 ] DEBUG Engine               - supportedLanguages: [ENGLISH, FRENCH, GERMAN, HUNGARIAN, RUSSIAN]
16:46:05.222 [FXGL Background Thread 3 ] DEBUG Engine               - ticksPerSecond: -1
16:46:05.222 [FXGL Background Thread 3 ] DEBUG Engine               - title: Tank Battle
16:46:05.222 [FXGL Background Thread 3 ] DEBUG Engine               - urlGithub: https://github.com/AlmasB/FXGL
16:46:05.222 [FXGL Background Thread 3 ] DEBUG Engine               - urlLeaderboard: http://fxgl-top.herokuapp.com/
16:46:05.222 [FXGL Background Thread 3 ] DEBUG Engine               - urlPOM: https://raw.githubusercontent.com/AlmasB/FXGL/release/README.md
16:46:05.222 [FXGL Background Thread 3 ] DEBUG Engine               - userAppClass: class Tank.TankApp
16:46:05.222 [FXGL Background Thread 3 ] DEBUG Engine               - version: 0.1
16:46:05.223 [FXGL Background Thread 3 ] DEBUG Engine               - versionCheckDays: 7
16:46:05.223 [FXGL Background Thread 3 ] DEBUG Engine               - width: 700
16:46:05.223 [FXGL Background Thread 3 ] DEBUG Engine               - Logging services
16:46:05.223 [FXGL Background Thread 3 ] DEBUG Engine               - class com.almasb.fxgl.app.services.FXGLAssetLoaderService
16:46:05.223 [FXGL Background Thread 3 ] DEBUG Engine               - class com.almasb.fxgl.app.FXGLApplication$GameApplicationService
16:46:05.223 [FXGL Background Thread 3 ] DEBUG Engine               - class com.almasb.fxgl.app.services.FXGLDialogService
16:46:05.223 [FXGL Background Thread 3 ] DEBUG Engine               - class com.almasb.fxgl.app.services.IOTaskExecutorService
16:46:05.223 [FXGL Background Thread 3 ] DEBUG Engine               - class com.almasb.fxgl.io.FileSystemService
16:46:05.223 [FXGL Background Thread 3 ] DEBUG Engine               - class com.almasb.fxgl.localization.LocalizationService
16:46:05.223 [FXGL Background Thread 3 ] DEBUG Engine               - class com.almasb.fxgl.app.services.SystemBundleService
16:46:05.223 [FXGL Background Thread 3 ] DEBUG Engine               - class com.almasb.fxgl.profile.SaveLoadService
16:46:05.223 [FXGL Background Thread 3 ] DEBUG Engine               - class com.almasb.fxgl.ui.FXGLUIFactoryServiceProvider
16:46:05.223 [FXGL Background Thread 3 ] DEBUG Engine               - class com.almasb.fxgl.ui.FXGLDialogFactoryServiceProvider
16:46:05.223 [FXGL Background Thread 3 ] DEBUG Engine               - class com.almasb.fxgl.audio.AudioPlayer
16:46:05.223 [FXGL Background Thread 3 ] DEBUG Engine               - class com.almasb.fxgl.notification.impl.NotificationServiceProvider
16:46:05.223 [FXGL Background Thread 3 ] DEBUG Engine               - class com.almasb.fxgl.achievement.AchievementService
16:46:05.223 [FXGL Background Thread 3 ] DEBUG Engine               - class com.almasb.fxgl.cutscene.CutsceneService
16:46:05.223 [FXGL Background Thread 3 ] DEBUG Engine               - class com.almasb.fxgl.minigames.MiniGameService
16:46:05.223 [FXGL Background Thread 3 ] DEBUG Engine               - class com.almasb.fxgl.net.NetService
16:46:05.223 [FXGL Background Thread 3 ] DEBUG Engine               - class com.almasb.fxgl.app.services.UpdaterService
16:46:05.223 [FXGL Background Thread 3 ] DEBUG Engine               - class com.almasb.fxgl.dev.DevService
16:46:06.286 [JavaFX Application Thread] DEBUG FXGL.DefaultMenu     - createContentAudio()
16:46:08.907 [JavaFX Application Thread] DEBUG PrimaryStageWindow   - Pop state: FXGLDefaultMenu
16:46:08.907 [JavaFX Application Thread] DEBUG Input                - Clearing active input actions
16:46:08.907 [JavaFX Application Thread] DEBUG GameApplicationServi - Removing overlay from FXGLDefaultMenu and adding to GameScene
16:46:08.907 [JavaFX Application Thread] DEBUG PrimaryStageWindow   - GameScene <- FXGLDefaultMenu
16:46:10.961 [JavaFX Application Thread] DEBUG FXGLAssetLoaderServi - Loading from file system: file:/D:/Maven/TankGame/target/classes/assets/sounds/shoot.wav
16:46:13.121 [JavaFX Application Thread] DEBUG FXGLAssetLoaderServi - Loading from file system: file:/D:/Maven/TankGame/target/classes/assets/sounds/bomb.wav
16:46:16.900 [JavaFX Application Thread] DEBUG FXGLApplication      - Exiting FXGL
16:46:16.900 [JavaFX Application Thread] DEBUG LoopRunner           - Stopping loop
16:46:16.900 [JavaFX Application Thread] DEBUG SystemBundleService  - Saving FXGL system data
16:46:16.901 [JavaFX Application Thread] DEBUG FileSystemAccess     - Writing to: D:\Maven\TankGame\system\fxgl.bundle
16:46:16.902 [JavaFX Application Thread] DEBUG Async                - Shutting down background threads
16:46:16.902 [JavaFX Application Thread] DEBUG PrimaryStageWindow   - Closing main window
16:46:16.909 [JavaFX Application Thread] DEBUG Logger               - Closing Logger
